<?xml version="1.0" encoding="UTF-8"?>
<!-- Generated by org.testng.reporters.JUnitXMLReporter -->
<testsuite ignored="0" hostname="DESKTOP-KSUDC9C" failures="0" tests="9" name="Default test" time="0.652" errors="0" timestamp="2022-03-17T22:34:36 IST">
  <testcase classname="com.trainermanagement.scripts.TestBase" name="@BeforeTest onSetup" time="-1.647536675822E9">
    <failure type="org.testng.TestNGException" message="
Parameter &amp;apos;browser&amp;apos; is required by BeforeTest on method onSetup but has not been marked @Optional or defined
in C:\Users\acer\AppData\Local\Temp\testng-eclipse-661631148\testng-customsuite.xml">
      <![CDATA[org.testng.TestNGException: 
Parameter 'browser' is required by BeforeTest on method onSetup but has not been marked @Optional or defined
in C:\Users\acer\AppData\Local\Temp\testng-eclipse-661631148\testng-customsuite.xml
at org.testng.internal.Parameters.createParams(Parameters.java:270)
at org.testng.internal.Parameters.createParametersForMethod(Parameters.java:358)
at org.testng.internal.Parameters.createParameters(Parameters.java:700)
at org.testng.internal.Parameters.createConfigurationParameters(Parameters.java:168)
at org.testng.internal.ConfigInvoker.invokeConfigurations(ConfigInvoker.java:302)
at org.testng.TestRunner.invokeTestConfigurations(TestRunner.java:637)
at org.testng.TestRunner.beforeRun(TestRunner.java:627)
at org.testng.TestRunner.run(TestRunner.java:589)
at org.testng.SuiteRunner.runTest(SuiteRunner.java:377)
at org.testng.SuiteRunner.runSequentially(SuiteRunner.java:371)
at org.testng.SuiteRunner.privateRun(SuiteRunner.java:332)
at org.testng.SuiteRunner.run(SuiteRunner.java:276)
at org.testng.SuiteRunnerWorker.runSuite(SuiteRunnerWorker.java:53)
at org.testng.SuiteRunnerWorker.run(SuiteRunnerWorker.java:96)
at org.testng.TestNG.runSuitesSequentially(TestNG.java:1212)
at org.testng.TestNG.runSuitesLocally(TestNG.java:1134)
at org.testng.TestNG.runSuites(TestNG.java:1063)
at org.testng.TestNG.run(TestNG.java:1031)
at org.testng.remote.AbstractRemoteTestNG.run(AbstractRemoteTestNG.java:115)
at org.testng.remote.RemoteTestNG.initAndRun(RemoteTestNG.java:251)
at org.testng.remote.RemoteTestNG.main(RemoteTestNG.java:77)
]]>
    </failure>
  </testcase> <!-- @BeforeTest onSetup -->
  <testcase classname="com.trainermanagement.scripts.TestBase" name="@AfterMethod tearDown" time="-1.647536676109E9">
    <skipped/>
  </testcase> <!-- @AfterMethod tearDown -->
  <testcase classname="com.trainermanagement.scripts.TestBase" name="@AfterMethod tearDown" time="-1.647536676148E9">
    <skipped/>
  </testcase> <!-- @AfterMethod tearDown -->
  <testcase classname="com.trainermanagement.scripts.TestBase" name="@AfterMethod tearDown" time="-1.64753667618E9">
    <skipped/>
  </testcase> <!-- @AfterMethod tearDown -->
  <testcase classname="com.trainermanagement.scripts.TestBase" name="@AfterMethod tearDown" time="-1.647536676202E9">
    <skipped/>
  </testcase> <!-- @AfterMethod tearDown -->
  <testcase classname="com.trainermanagement.scripts.TestBase" name="@AfterMethod tearDown" time="-1.647536676226E9">
    <skipped/>
  </testcase> <!-- @AfterMethod tearDown -->
  <testcase classname="com.trainermanagement.scripts.TestBase" name="@AfterMethod tearDown" time="-1.647536676286E9">
    <skipped/>
  </testcase> <!-- @AfterMethod tearDown -->
  <testcase classname="com.trainermanagement.scripts.TestBase" name="@AfterMethod tearDown" time="-1.647536676337E9">
    <skipped/>
  </testcase> <!-- @AfterMethod tearDown -->
  <testcase classname="com.trainermanagement.scripts.TestBase" name="@AfterMethod tearDown" time="-1.647536676357E9">
    <skipped/>
  </testcase> <!-- @AfterMethod tearDown -->
  <testcase classname="com.trainermanagement.scripts.TestBase" name="@AfterMethod tearDown" time="-1.647536676377E9">
    <skipped/>
  </testcase> <!-- @AfterMethod tearDown -->
  <testcase classname="com.trainermanagement.scripts.TestClass" name="homepage" time="0.0">
    <skipped/>
  </testcase> <!-- homepage -->
  <testcase classname="com.trainermanagement.scripts.TestClass" name="footer" time="0.0">
    <skipped/>
  </testcase> <!-- footer -->
  <testcase classname="com.trainermanagement.scripts.TestClass" name="InvalidLogin" time="0.0">
    <skipped/>
  </testcase> <!-- InvalidLogin -->
  <testcase classname="com.trainermanagement.scripts.TestClass" name="verifyValidLogin" time="0.0">
    <skipped/>
  </testcase> <!-- verifyValidLogin -->
  <testcase classname="com.trainermanagement.scripts.TestClass" name="editprofile" time="0.0">
    <skipped/>
  </testcase> <!-- editprofile -->
  <testcase classname="com.trainermanagement.scripts.TestClass" name="verifyValidAdminLogin" time="0.0">
    <skipped/>
  </testcase> <!-- verifyValidAdminLogin -->
  <testcase classname="com.trainermanagement.scripts.TestClass" name="verifyAllocatePage" time="0.0">
    <skipped/>
  </testcase> <!-- verifyAllocatePage -->
  <testcase classname="com.trainermanagement.scripts.TestClass" name="varifyInvalidSignup" time="0.0">
    <skipped/>
  </testcase> <!-- varifyInvalidSignup -->
  <testcase classname="com.trainermanagement.scripts.TestClass" name="signup" time="0.0">
    <skipped/>
  </testcase> <!-- signup -->
</testsuite> <!-- Default test -->
